c:\users\vadim\source\repos\lab2_inheritance\lab2_inheritance\x64\debug\vc143.pdb
c:\users\vadim\source\repos\lab2_inheritance\lab2_inheritance\x64\debug\vc143.idb
c:\users\vadim\source\repos\lab2_inheritance\lab2_inheritance\x64\debug\tablet.obj
c:\users\vadim\source\repos\lab2_inheritance\lab2_inheritance\x64\debug\stationarycomputer.obj
c:\users\vadim\source\repos\lab2_inheritance\lab2_inheritance\x64\debug\portablecomputer.obj
c:\users\vadim\source\repos\lab2_inheritance\lab2_inheritance\x64\debug\monoblock.obj
c:\users\vadim\source\repos\lab2_inheritance\lab2_inheritance\x64\debug\computingmachine.obj
c:\users\vadim\source\repos\lab2_inheritance\lab2_inheritance\x64\debug\stackfilemanager.obj
c:\users\vadim\source\repos\lab2_inheritance\lab2_inheritance\x64\debug\menu.obj
c:\users\vadim\source\repos\lab2_inheritance\lab2_inheritance\x64\debug\main.obj
c:\users\vadim\source\repos\lab2_inheritance\lab2_inheritance\x64\debug\laptop.obj
c:\users\vadim\source\repos\lab2_inheritance\lab2_inheritance\x64\debug\exceptionbase.obj
c:\users\vadim\source\repos\lab2_inheritance\x64\debug\lab2_inheritance.exe
c:\users\vadim\source\repos\lab2_inheritance\x64\debug\lab2_inheritance.pdb
c:\users\vadim\source\repos\lab2_inheritance\lab2_inheritance\x64\debug\lab2_inheritance.ilk
c:\users\vadim\source\repos\lab2_inheritance\lab2_inheritance\x64\debug\lab2_inheritance.tlog\cl.command.1.tlog
c:\users\vadim\source\repos\lab2_inheritance\lab2_inheritance\x64\debug\lab2_inheritance.tlog\cl.items.tlog
c:\users\vadim\source\repos\lab2_inheritance\lab2_inheritance\x64\debug\lab2_inheritance.tlog\cl.read.1.tlog
c:\users\vadim\source\repos\lab2_inheritance\lab2_inheritance\x64\debug\lab2_inheritance.tlog\cl.write.1.tlog
c:\users\vadim\source\repos\lab2_inheritance\lab2_inheritance\x64\debug\lab2_inheritance.tlog\link.command.1.tlog
c:\users\vadim\source\repos\lab2_inheritance\lab2_inheritance\x64\debug\lab2_inheritance.tlog\link.read.1.tlog
c:\users\vadim\source\repos\lab2_inheritance\lab2_inheritance\x64\debug\lab2_inheritance.tlog\link.secondary.1.tlog
c:\users\vadim\source\repos\lab2_inheritance\lab2_inheritance\x64\debug\lab2_inheritance.tlog\link.write.1.tlog
